
> csci421lab4-v2@0.0.0 start
> node ./bin/www

node:internal/modules/cjs/loader:1137
  throw err;
  ^

Error: Cannot find module 'http-errors'
Require stack:
- /home/bitnami/CSCI421Lab4_v2/app.js
- /home/bitnami/CSCI421Lab4_v2/bin/www
    at Module._resolveFilename (node:internal/modules/cjs/loader:1134:15)
    at Module._load (node:internal/modules/cjs/loader:975:27)
    at Module.require (node:internal/modules/cjs/loader:1225:19)
    at require (node:internal/modules/helpers:177:18)
    at Object.<anonymous> (/home/bitnami/CSCI421Lab4_v2/app.js:1:19)
    at Module._compile (node:internal/modules/cjs/loader:1356:14)
    at Module._extensions..js (node:internal/modules/cjs/loader:1414:10)
    at Module.load (node:internal/modules/cjs/loader:1197:32)
    at Module._load (node:internal/modules/cjs/loader:1013:12)
    at Module.require (node:internal/modules/cjs/loader:1225:19) {
  code: 'MODULE_NOT_FOUND',
  requireStack: [
    '/home/bitnami/CSCI421Lab4_v2/app.js',
    '/home/bitnami/CSCI421Lab4_v2/bin/www'
  ]
}

Node.js v18.19.0

> csci421lab4-v2@0.0.0 start
> node ./bin/www

node:internal/modules/cjs/loader:1137
  throw err;
  ^

Error: Cannot find module './app_server/models/db'
Require stack:
- /home/bitnami/CSCI421Lab4_v2/app.js
- /home/bitnami/CSCI421Lab4_v2/bin/www
    at Module._resolveFilename (node:internal/modules/cjs/loader:1134:15)
    at Module._load (node:internal/modules/cjs/loader:975:27)
    at Module.require (node:internal/modules/cjs/loader:1225:19)
    at require (node:internal/modules/helpers:177:18)
    at Object.<anonymous> (/home/bitnami/CSCI421Lab4_v2/app.js:7:1)
    at Module._compile (node:internal/modules/cjs/loader:1356:14)
    at Module._extensions..js (node:internal/modules/cjs/loader:1414:10)
    at Module.load (node:internal/modules/cjs/loader:1197:32)
    at Module._load (node:internal/modules/cjs/loader:1013:12)
    at Module.require (node:internal/modules/cjs/loader:1225:19) {
  code: 'MODULE_NOT_FOUND',
  requireStack: [
    '/home/bitnami/CSCI421Lab4_v2/app.js',
    '/home/bitnami/CSCI421Lab4_v2/bin/www'
  ]
}

Node.js v18.19.0

> csci421lab4-v2@0.0.0 start
> node ./bin/www

Port 80 is already in use

> csci421lab4-v2@0.0.0 start
> node ./bin/www

Mongoose connected to mongodb://blogger:blogger1@localhost/blogger
[0mGET / [36m304 [0m19.997 ms - -[0m
[0mGET /stylesheets/style.css [33m404 [0m2.270 ms - 983[0m
[0mGET /blogadd [32m200 [0m2.407 ms - 1510[0m
[0mGET /bootstrap/css/bootstrap.min.css [33m404 [0m1.324 ms - 983[0m
[0mGET /stylesheets/style.css [33m404 [0m1.056 ms - 983[0m
[0mGET /bootstrap/js/bootstrap.min.js [33m404 [0m1.385 ms - 983[0m
[0mGET /icons/bootstrap-icons.min.css [32m200 [0m12.832 ms - 85875[0m
[0mGET /bloglist [31m500 [0m1.627 ms - 1506[0m
[0mGET /blogedit [31m500 [0m2.811 ms - 2414[0m
[0mGET /blogdelete [31m500 [0m2.035 ms - 2440[0m
[0mGET / [36m304 [0m1.148 ms - -[0m
[0mGET /stylesheets/style.css [33m404 [0m1.032 ms - 983[0m
[0mGET /bloglist [31m500 [0m2.346 ms - 1506[0m
[0mGET /bloglist [31m500 [0m7.657 ms - 2089[0m
[0mGET /bloglist [32m200 [0m1.078 ms - 1403[0m
[0mGET /stylesheets/style.css [33m404 [0m2.479 ms - 983[0m
[0mGET /bootstrap/css/bootstrap.min.css [33m404 [0m3.642 ms - 983[0m
[0mGET /icons/bootstrap-icons.min.css [36m304 [0m7.040 ms - -[0m
[0mGET /bootstrap/js/bootstrap.min.js [33m404 [0m6.982 ms - 983[0m
[0mGET /bloglist [32m200 [0m4.158 ms - 1828[0m
[0mGET /bootstrap/css/bootstrap.min.css [33m404 [0m0.963 ms - 983[0m
[0mGET /stylesheets/style.css [33m404 [0m0.826 ms - 983[0m
[0mGET /icons/bootstrap-icons.min.css [36m304 [0m1.263 ms - -[0m
[0mGET /bootstrap/js/bootstrap.min.js [33m404 [0m1.472 ms - 983[0m
[0mGET /blogedit [31m500 [0m3.525 ms - 2414[0m
[0mGET / [36m304 [0m0.899 ms - -[0m
[0mGET /stylesheets/style.css [33m404 [0m0.821 ms - 983[0m
[0mGET /bloglist [36m304 [0m1.360 ms - -[0m
[0mGET /bootstrap/css/bootstrap.min.css [33m404 [0m0.905 ms - 983[0m
[0mGET /stylesheets/style.css [33m404 [0m1.535 ms - 983[0m
[0mGET /icons/bootstrap-icons.min.css [36m304 [0m0.590 ms - -[0m
[0mGET /bootstrap/js/bootstrap.min.js [33m404 [0m0.765 ms - 983[0m
[0mGET /blogadd [36m304 [0m1.040 ms - -[0m
[0mGET /bootstrap/css/bootstrap.min.css [33m404 [0m0.779 ms - 983[0m
[0mGET /stylesheets/style.css [33m404 [0m1.246 ms - 983[0m
[0mGET /bootstrap/js/bootstrap.min.js [33m404 [0m1.350 ms - 983[0m
[0mGET /icons/bootstrap-icons.min.css [36m304 [0m2.166 ms - -[0m
[0mGET / [36m304 [0m0.860 ms - -[0m
[0mGET /stylesheets/style.css [33m404 [0m0.800 ms - 983[0m
[0mGET /bloglist [36m304 [0m1.624 ms - -[0m
[0mGET /bootstrap/css/bootstrap.min.css [33m404 [0m0.791 ms - 983[0m
[0mGET /stylesheets/style.css [33m404 [0m1.166 ms - 983[0m
[0mGET /bootstrap/js/bootstrap.min.js [33m404 [0m1.360 ms - 983[0m
[0mGET /icons/bootstrap-icons.min.css [36m304 [0m0.473 ms - -[0m
[0mGET /bloglist [32m200 [0m134.211 ms - 1828[0m
[0mGET /stylesheets/style.css [33m404 [0m1.754 ms - 983[0m
[0mGET /bootstrap/css/bootstrap.min.css [33m404 [0m3.957 ms - 983[0m
[0mGET /bootstrap/js/bootstrap.min.js [33m404 [0m1.131 ms - 983[0m
[0mGET /icons/bootstrap-icons.min.css [36m304 [0m14.556 ms - -[0m
[0mGET /blogedit [31m500 [0m5.605 ms - 2414[0m
[0mGET /bloglist [32m200 [0m45.894 ms - 1831[0m
[0mGET /bootstrap/css/bootstrap.min.css [33m404 [0m14.925 ms - 983[0m
[0mGET /stylesheets/style.css [33m404 [0m2.196 ms - 983[0m
[0mGET /bootstrap/js/bootstrap.min.js [33m404 [0m0.776 ms - 983[0m
[0mGET /icons/bootstrap-icons.min.css [36m304 [0m5.347 ms - -[0m
[0mGET /bloglist [36m304 [0m1.952 ms - -[0m
[0mGET /bootstrap/css/bootstrap.min.css [33m404 [0m1.312 ms - 983[0m
[0mGET /stylesheets/style.css [33m404 [0m0.590 ms - 983[0m
[0mGET /icons/bootstrap-icons.min.css [36m304 [0m1.268 ms - -[0m
[0mGET /bootstrap/js/bootstrap.min.js [33m404 [0m0.785 ms - 983[0m
[0mGET /blogadd [36m304 [0m3.516 ms - -[0m
[0mGET /bootstrap/css/bootstrap.min.css [33m404 [0m0.762 ms - 983[0m
[0mGET /stylesheets/style.css [33m404 [0m0.648 ms - 983[0m
[0mGET /bootstrap/js/bootstrap.min.js [33m404 [0m0.901 ms - 983[0m
[0mGET /icons/bootstrap-icons.min.css [36m304 [0m2.103 ms - -[0m
[0mPOST /blogadd [33m404 [0m205.610 ms - 983[0m
[0mGET /blogedit [31m500 [0m60.600 ms - 2414[0m
[0mGET / [36m304 [0m12.393 ms - -[0m
[0mGET /stylesheets/style.css [33m404 [0m2.041 ms - 983[0m
[0mGET /blogadd [36m304 [0m1.240 ms - -[0m
[0mGET /bootstrap/css/bootstrap.min.css [33m404 [0m1.221 ms - 983[0m
[0mGET /stylesheets/style.css [33m404 [0m1.034 ms - 983[0m
[0mGET /bootstrap/js/bootstrap.min.js [33m404 [0m0.828 ms - 983[0m
[0mGET /icons/bootstrap-icons.min.css [36m304 [0m5.194 ms - -[0m
[0mGET /bloglist [36m304 [0m1.725 ms - -[0m
[0mGET /bootstrap/css/bootstrap.min.css [33m404 [0m0.794 ms - 983[0m
[0mGET /stylesheets/style.css [33m404 [0m0.711 ms - 983[0m
[0mGET /bootstrap/js/bootstrap.min.js [33m404 [0m0.824 ms - 983[0m
[0mGET /icons/bootstrap-icons.min.css [36m304 [0m1.680 ms - -[0m
[0mGET /blogedit [31m500 [0m1.216 ms - 2414[0m
[0mGET /.env [33m404 [0m1.241 ms - 983[0m
[0mPOST / [33m404 [0m16.589 ms - 983[0m
[0mGET /bloglist [36m304 [0m216.927 ms - -[0m
[0mGET /bootstrap/css/bootstrap.min.css [33m404 [0m14.879 ms - 983[0m
[0mGET /icons/bootstrap-icons.min.css [36m304 [0m9.319 ms - -[0m
[0mGET /bootstrap/js/bootstrap.min.js [33m404 [0m2.353 ms - 983[0m
[0mGET /stylesheets/style.css [33m404 [0m2.352 ms - 983[0m
[0mGET /blogedit [31m500 [0m14.476 ms - 2414[0m
[0mGET / [36m304 [0m2.606 ms - -[0m
[0mGET /stylesheets/style.css [33m404 [0m2.034 ms - 983[0m

> csci421lab4-v2@0.0.0 start
> node ./bin/www

node:internal/modules/cjs/loader:1137
  throw err;
  ^

Error: Cannot find module 'request'
Require stack:
- /home/bitnami/CSCI421Lab4_v2/app_server/controllers/blog.js
- /home/bitnami/CSCI421Lab4_v2/app_server/routes/index.js
- /home/bitnami/CSCI421Lab4_v2/app.js
- /home/bitnami/CSCI421Lab4_v2/bin/www
    at Module._resolveFilename (node:internal/modules/cjs/loader:1134:15)
    at Module._load (node:internal/modules/cjs/loader:975:27)
    at Module.require (node:internal/modules/cjs/loader:1225:19)
    at require (node:internal/modules/helpers:177:18)
    at Object.<anonymous> (/home/bitnami/CSCI421Lab4_v2/app_server/controllers/blog.js:1:15)
    at Module._compile (node:internal/modules/cjs/loader:1356:14)
    at Module._extensions..js (node:internal/modules/cjs/loader:1414:10)
    at Module.load (node:internal/modules/cjs/loader:1197:32)
    at Module._load (node:internal/modules/cjs/loader:1013:12)
    at Module.require (node:internal/modules/cjs/loader:1225:19) {
  code: 'MODULE_NOT_FOUND',
  requireStack: [
    '/home/bitnami/CSCI421Lab4_v2/app_server/controllers/blog.js',
    '/home/bitnami/CSCI421Lab4_v2/app_server/routes/index.js',
    '/home/bitnami/CSCI421Lab4_v2/app.js',
    '/home/bitnami/CSCI421Lab4_v2/bin/www'
  ]
}

Node.js v18.19.0

> csci421lab4-v2@0.0.0 start
> node ./bin/www

/home/bitnami/CSCI421Lab4_v2/node_modules/express/lib/router/route.js:202
        throw new Error(msg);
        ^

Error: Route.get() requires a callback function but got a [object Undefined]
    at Route.<computed> [as get] (/home/bitnami/CSCI421Lab4_v2/node_modules/express/lib/router/route.js:202:15)
    at proto.<computed> [as get] (/home/bitnami/CSCI421Lab4_v2/node_modules/express/lib/router/index.js:510:19)
    at Object.<anonymous> (/home/bitnami/CSCI421Lab4_v2/app_server/routes/index.js:8:8)
    at Module._compile (node:internal/modules/cjs/loader:1356:14)
    at Module._extensions..js (node:internal/modules/cjs/loader:1414:10)
    at Module.load (node:internal/modules/cjs/loader:1197:32)
    at Module._load (node:internal/modules/cjs/loader:1013:12)
    at Module.require (node:internal/modules/cjs/loader:1225:19)
    at require (node:internal/modules/helpers:177:18)
    at Object.<anonymous> (/home/bitnami/CSCI421Lab4_v2/app.js:10:14)

Node.js v18.19.0

> csci421lab4-v2@0.0.0 start
> node ./bin/www

/home/bitnami/CSCI421Lab4_v2/node_modules/express/lib/router/route.js:202
        throw new Error(msg);
        ^

Error: Route.get() requires a callback function but got a [object Undefined]
    at Route.<computed> [as get] (/home/bitnami/CSCI421Lab4_v2/node_modules/express/lib/router/route.js:202:15)
    at proto.<computed> [as get] (/home/bitnami/CSCI421Lab4_v2/node_modules/express/lib/router/index.js:510:19)
    at Object.<anonymous> (/home/bitnami/CSCI421Lab4_v2/app_server/routes/index.js:8:8)
    at Module._compile (node:internal/modules/cjs/loader:1356:14)
    at Module._extensions..js (node:internal/modules/cjs/loader:1414:10)
    at Module.load (node:internal/modules/cjs/loader:1197:32)
    at Module._load (node:internal/modules/cjs/loader:1013:12)
    at Module.require (node:internal/modules/cjs/loader:1225:19)
    at require (node:internal/modules/helpers:177:18)
    at Object.<anonymous> (/home/bitnami/CSCI421Lab4_v2/app.js:10:14)

Node.js v18.19.0

> csci421lab4-v2@0.0.0 start
> node ./bin/www

/home/bitnami/CSCI421Lab4_v2/node_modules/express/lib/router/route.js:202
        throw new Error(msg);
        ^

Error: Route.get() requires a callback function but got a [object Undefined]
    at Route.<computed> [as get] (/home/bitnami/CSCI421Lab4_v2/node_modules/express/lib/router/route.js:202:15)
    at proto.<computed> [as get] (/home/bitnami/CSCI421Lab4_v2/node_modules/express/lib/router/index.js:510:19)
    at Object.<anonymous> (/home/bitnami/CSCI421Lab4_v2/app_server/routes/index.js:9:8)
    at Module._compile (node:internal/modules/cjs/loader:1356:14)
    at Module._extensions..js (node:internal/modules/cjs/loader:1414:10)
    at Module.load (node:internal/modules/cjs/loader:1197:32)
    at Module._load (node:internal/modules/cjs/loader:1013:12)
    at Module.require (node:internal/modules/cjs/loader:1225:19)
    at require (node:internal/modules/helpers:177:18)
    at Object.<anonymous> (/home/bitnami/CSCI421Lab4_v2/app.js:10:14)

Node.js v18.19.0

> csci421lab4-v2@0.0.0 start
> node ./bin/www

Mongoose connected to mongodb://blogger:blogger1@localhost/blogger
[0mGET / [32m200 [0m52.241 ms - 657[0m
[0mGET /stylesheets/style.css [33m404 [0m32.496 ms - 983[0m
[0mGET /favicon.ico [33m404 [0m2.192 ms - 983[0m
[0mGET /bloglist [33m404 [0m2.229 ms - 983[0m
[0mGET /blogadd [33m404 [0m3.601 ms - 983[0m
[0mGET / [32m200 [0m53.892 ms - 649[0m
[0mGET /stylesheets/style.css [33m404 [0m2.887 ms - 983[0m
[0mGET /list [33m404 [0m0.985 ms - 983[0m
[0mGET /add [32m200 [0m6.112 ms - 1498[0m
[0mGET /bootstrap/css/bootstrap.min.css [33m404 [0m1.451 ms - 983[0m
[0mGET /bootstrap/js/bootstrap.min.js [33m404 [0m2.356 ms - 983[0m
[0mGET /stylesheets/style.css [33m404 [0m3.256 ms - 983[0m
[0mGET /icons/bootstrap-icons.min.css [32m200 [0m19.910 ms - 85875[0m
[0mGET /list [33m404 [0m1.839 ms - 983[0m
[0mGET /list [33m404 [0m0.958 ms - 983[0m
[0mGET / [36m304 [0m2.757 ms - -[0m
[0mGET /stylesheets/style.css [33m404 [0m1.434 ms - 983[0m
[0mGET /list [33m404 [0m1.272 ms - 983[0m
[0mGET /add [36m304 [0m2.144 ms - -[0m
[0mGET /bootstrap/css/bootstrap.min.css [33m404 [0m1.699 ms - 983[0m
[0mGET /stylesheets/style.css [33m404 [0m1.188 ms - 983[0m
[0mGET /icons/bootstrap-icons.min.css [36m304 [0m10.399 ms - -[0m
[0mGET /bootstrap/js/bootstrap.min.js [33m404 [0m1.328 ms - 983[0m
[0mGET /list [33m404 [0m2.559 ms - 983[0m
[0mGET /stylesheets/style.css [33m404 [0m1.377 ms - 983[0m
[0mGET / [36m304 [0m2.053 ms - -[0m
[0mGET /stylesheets/style.css [33m404 [0m2.487 ms - 983[0m
[0mGET /add [36m304 [0m1.518 ms - -[0m
[0mGET /bootstrap/css/bootstrap.min.css [33m404 [0m1.232 ms - 983[0m
[0mGET /stylesheets/style.css [33m404 [0m1.354 ms - 983[0m
[0mGET /icons/bootstrap-icons.min.css [36m304 [0m1.537 ms - -[0m
[0mGET /bootstrap/js/bootstrap.min.js [33m404 [0m2.579 ms - 983[0m
[0mGET /list [33m404 [0m3.378 ms - 983[0m
[0mGET /add [32m200 [0m5.640 ms - 1514[0m
[0mGET /bootstrap/css/bootstrap.min.css [33m404 [0m1.243 ms - 983[0m
[0mGET /stylesheets/style.css [33m404 [0m1.867 ms - 983[0m
[0mGET /icons/bootstrap-icons.min.css [36m304 [0m0.587 ms - -[0m
[0mGET /bootstrap/js/bootstrap.min.js [33m404 [0m0.816 ms - 983[0m
[0mGET /list [33m404 [0m1.075 ms - 983[0m
[0mGET /list [33m404 [0m84.523 ms - 983[0m

> csci421lab4-v2@0.0.0 start
> node ./bin/www

Mongoose connected to mongodb://blogger:blogger1@localhost/blogger
[0mGET / [32m200 [0m37.978 ms - 665[0m
[0mGET /stylesheets/style.css [33m404 [0m4.423 ms - 983[0m
[0mGET /app_api/blogs [33m404 [0m37.501 ms - 983[0m
[0mGET /list [31m500 [0m69.756 ms - 1877[0m
[0mGET / [32m200 [0m116.703 ms - 665[0m
[0mGET /.env [33m404 [0m9.815 ms - 983[0m
[0mGET /.env [33m404 [0m0.996 ms - 983[0m
[0mPOST / [33m404 [0m20.604 ms - 983[0m
[0mGET /sendgrid/.env [33m404 [0m1.585 ms - 983[0m
[0mPOST / [33m404 [0m1.458 ms - 983[0m
[0mGET / [32m200 [0m3.485 ms - 665[0m
[0mGET /ext-js/app/common/zld_product_spec.js [33m404 [0m1.092 ms - 983[0m
[0mGET / [32m200 [0m1.849 ms - 665[0m
[0mGET /.env [33m404 [0m1.070 ms - 983[0m
[0mPOST / [33m404 [0m1.659 ms - 983[0m
[0mGET /.env [33m404 [0m2.589 ms - 983[0m
[0mPOST / [33m404 [0m6.678 ms - 983[0m
[0mGET / [32m200 [0m6.921 ms - 665[0m
[0mGET /.env [33m404 [0m1.340 ms - 983[0m
[0mPOST / [33m404 [0m1.144 ms - 983[0m
[0mGET /.env [33m404 [0m1.120 ms - 983[0m
[0mPOST / [33m404 [0m2.707 ms - 983[0m
[0mGET / [32m200 [0m0.958 ms - 665[0m
[0mGET / [32m200 [0m0.999 ms - 665[0m
[0mGET /cf_scripts/scripts/ajax/ckeditor/ckeditor.js [33m404 [0m0.980 ms - 983[0m
[0mGET /favicon.ico [33m404 [0m0.925 ms - 983[0m
[0mGET /favicon-32x32.png [33m404 [0m0.888 ms - 983[0m
[0mGET /api/session/properties [33m404 [0m1.034 ms - 983[0m
[0mGET /Telerik.Web.UI.WebResource.axd?type=rau [33m404 [0m1.764 ms - 983[0m
[0mGET /sugar_version.json [33m404 [0m1.037 ms - 983[0m
[0mGET /sitecore/shell/sitecore.version.xml [33m404 [0m0.848 ms - 983[0m
[0mGET /identity [33m404 [0m0.791 ms - 983[0m
[0mGET /index.jsp [33m404 [0m0.813 ms - 983[0m
[0mGET / [32m200 [0m1.135 ms - 665[0m
[0mGET /webfig/ [33m404 [0m0.859 ms - 983[0m
[0mGET /showLogin.cc [33m404 [0m1.099 ms - 983[0m
[0mGET /admin/ [33m404 [0m0.933 ms - 983[0m
[0mGET / [32m200 [0m0.826 ms - 665[0m
[0mGET /solr/ [33m404 [0m0.776 ms - 983[0m
[0mGET /static/historypage.js [33m404 [0m0.884 ms - 983[0m
[0mGET /favicon.ico [33m404 [0m0.892 ms - 983[0m
[0mGET /cgi-bin/authLogin.cgi [33m404 [0m1.015 ms - 983[0m

> csci421lab4-v2@0.0.0 start
> node ./bin/www

Port 80 is already in use
[0mGET / [36m304 [0m5.826 ms - -[0m
[0mGET /stylesheets/style.css [33m404 [0m0.972 ms - 983[0m
[0mGET /app_api/blogs [33m404 [0m1.489 ms - 983[0m
[0mGET /list [31m500 [0m51.773 ms - 1877[0m
[0mGET /add [36m304 [0m4.774 ms - -[0m
[0mGET /bootstrap/css/bootstrap.min.css [33m404 [0m2.690 ms - 983[0m
[0mGET /stylesheets/style.css [33m404 [0m1.309 ms - 983[0m
[0mGET /bootstrap/js/bootstrap.min.js [33m404 [0m1.956 ms - 983[0m
[0mGET /icons/bootstrap-icons.min.css [36m304 [0m20.226 ms - -[0m
[0mGET /app_api/blogs [33m404 [0m1.579 ms - 983[0m
[0mGET /list [31m500 [0m4.974 ms - 1877[0m

> csci421lab4-v2@0.0.0 start
> node ./bin/www

Mongoose connected to mongodb://blogger:blogger1@localhost/blogger
[0mGET /stylesheets/style.css [33m404 [0m13.272 ms - 983[0m
[0mGET /bootstrap/css/bootstrap.min.css [33m404 [0m22.377 ms - 983[0m
[0mGET /bootstrap/js/bootstrap.min.js [33m404 [0m1.283 ms - 983[0m
[0mGET /icons/bootstrap-icons.min.css [36m304 [0m7.231 ms - -[0m
[0mGET /app_api/blogs [33m404 [0m16.043 ms - 983[0m
[0mGET /list [31m500 [0m42.763 ms - 1968[0m
[0mGET /app_api/blogs [33m404 [0m1.392 ms - 983[0m
[0mGET /bootstrap/css/bootstrap.min.css [33m404 [0m1.130 ms - 983[0m
[0mGET /stylesheets/style.css [33m404 [0m1.161 ms - 983[0m
[0mGET /icons/bootstrap-icons.min.css [36m304 [0m1.449 ms - -[0m
[0mGET /list [32m200 [0m16.178 ms - 312618[0m
[0mGET /bootstrap/js/bootstrap.min.js [33m404 [0m1.388 ms - 983[0m
[0mGET /app_api/blogs [33m404 [0m2.425 ms - 983[0m
[0mGET /bootstrap/css/bootstrap.min.css [33m404 [0m1.294 ms - 983[0m
[0mGET /stylesheets/style.css [33m404 [0m1.228 ms - 983[0m
[0mGET /icons/bootstrap-icons.min.css [36m304 [0m1.019 ms - -[0m
[0mGET /list [32m200 [0m10.517 ms - 312611[0m
[0mGET /bootstrap/js/bootstrap.min.js [33m404 [0m1.410 ms - 983[0m
[0mGET /app_api/blogs/:undefined [33m404 [0m0.981 ms - 983[0m
[0mGET /edit [31m500 [0m6.177 ms - 2375[0m
[0mGET /app_api/blogs/:undefined [33m404 [0m5.886 ms - 983[0m
[0mGET /delete [31m500 [0m11.995 ms - 2408[0m
[0mGET /app_api/blogs [33m404 [0m1.112 ms - 983[0m
[0mGET /list [36m304 [0m10.701 ms - -[0m
[0mGET /stylesheets/style.css [33m404 [0m1.693 ms - 983[0m
[0mGET /bootstrap/css/bootstrap.min.css [33m404 [0m2.130 ms - 983[0m
[0mGET /icons/bootstrap-icons.min.css [36m304 [0m0.877 ms - -[0m
[0mGET /bootstrap/js/bootstrap.min.js [33m404 [0m1.118 ms - 983[0m
[0mGET /app_api/blogs [33m404 [0m2.432 ms - 983[0m
[0mGET /bootstrap/css/bootstrap.min.css [33m404 [0m1.137 ms - 983[0m
[0mGET /list [32m200 [0m19.405 ms - 312606[0m
[0mGET /stylesheets/style.css [33m404 [0m1.002 ms - 983[0m
[0mGET /icons/bootstrap-icons.min.css [36m304 [0m1.998 ms - -[0m
[0mGET /bootstrap/js/bootstrap.min.js [33m404 [0m1.058 ms - 983[0m
[0mGET /app_api/blogs/:undefined [33m404 [0m1.150 ms - 983[0m
[0mGET /edit [31m500 [0m9.542 ms - 2375[0m
[0mGET /.env [33m404 [0m169.845 ms - 983[0m
[0mPOST / [33m404 [0m122.603 ms - 983[0m
[0mGET /app_api/blogs/:undefined [33m404 [0m6.829 ms - 983[0m
[0mGET /delete [31m500 [0m213.436 ms - 2408[0m
[0mGET /.env [33m404 [0m1.581 ms - 983[0m
[0mPOST / [33m404 [0m2.401 ms - 983[0m
[0mGET / [36m304 [0m109.371 ms - -[0m
[0mGET /stylesheets/style.css [33m404 [0m8.585 ms - 983[0m
[0mGET /app_api/blogs [33m404 [0m1.961 ms - 983[0m
[0mGET /list [36m304 [0m88.156 ms - -[0m
[0mGET /bootstrap/css/bootstrap.min.css [33m404 [0m0.861 ms - 983[0m
[0mGET /stylesheets/style.css [33m404 [0m0.966 ms - 983[0m
[0mGET /icons/bootstrap-icons.min.css [36m304 [0m8.672 ms - -[0m
[0mGET /bootstrap/js/bootstrap.min.js [33m404 [0m0.891 ms - 983[0m
[0mGET /app_api/blogs [33m404 [0m30.566 ms - 983[0m
[0mGET /list [32m200 [0m90.545 ms - 1079[0m
[0mGET /stylesheets/style.css [33m404 [0m1.142 ms - 983[0m
[0mGET /bootstrap/css/bootstrap.min.css [33m404 [0m2.531 ms - 983[0m
[0mGET /bootstrap/js/bootstrap.min.js [33m404 [0m1.891 ms - 983[0m
[0mGET /icons/bootstrap-icons.min.css [36m304 [0m7.563 ms - -[0m
[0mGET /app_api/blogs [33m404 [0m1.261 ms - 983[0m
[0mGET /list [36m304 [0m7.322 ms - -[0m
[0mGET /bootstrap/css/bootstrap.min.css [33m404 [0m0.922 ms - 983[0m
[0mGET /stylesheets/style.css [33m404 [0m4.330 ms - 983[0m
[0mGET /bootstrap/js/bootstrap.min.js [33m404 [0m2.042 ms - 983[0m
[0mGET /icons/bootstrap-icons.min.css [36m304 [0m4.536 ms - -[0m
[0mGET /app_api/blogs [33m404 [0m0.890 ms - 983[0m
[0mGET /list [36m304 [0m7.981 ms - -[0m
[0mGET /bootstrap/css/bootstrap.min.css [33m404 [0m0.881 ms - 983[0m
[0mGET /stylesheets/style.css [33m404 [0m1.422 ms - 983[0m
[0mGET /icons/bootstrap-icons.min.css [36m304 [0m3.659 ms - -[0m
[0mGET /bootstrap/js/bootstrap.min.js [33m404 [0m10.567 ms - 983[0m
[0mGET /app_api/blogs [33m404 [0m1.074 ms - 983[0m
[0mGET /list [36m304 [0m5.029 ms - -[0m
[0mGET /bootstrap/css/bootstrap.min.css [33m404 [0m0.845 ms - 983[0m
[0mGET /stylesheets/style.css [33m404 [0m1.364 ms - 983[0m
[0mGET /bootstrap/js/bootstrap.min.js [33m404 [0m1.618 ms - 983[0m
[0mGET /icons/bootstrap-icons.min.css [36m304 [0m2.404 ms - -[0m
[0mGET /app_api/blogs [33m404 [0m1.405 ms - 983[0m
[0mGET /bootstrap/css/bootstrap.min.css [33m404 [0m0.845 ms - 983[0m
[0mGET /stylesheets/style.css [33m404 [0m1.296 ms - 983[0m
[0mGET /list [32m200 [0m19.858 ms - 312606[0m
[0mGET /icons/bootstrap-icons.min.css [36m304 [0m1.679 ms - -[0m
[0mGET /bootstrap/js/bootstrap.min.js [33m404 [0m4.511 ms - 983[0m
[0mGET /app_api/blogs [33m404 [0m1.021 ms - 983[0m
[0mGET /bootstrap/css/bootstrap.min.css [33m404 [0m1.112 ms - 983[0m
[0mGET /list [32m200 [0m13.980 ms - 340130[0m
[0mGET /stylesheets/style.css [33m404 [0m1.535 ms - 983[0m
[0mGET /icons/bootstrap-icons.min.css [36m304 [0m1.696 ms - -[0m
[0mGET /bootstrap/js/bootstrap.min.js [33m404 [0m1.030 ms - 983[0m
[0mGET /add [36m304 [0m17.587 ms - -[0m
[0mGET /bootstrap/css/bootstrap.min.css [33m404 [0m3.014 ms - 983[0m
[0mGET /stylesheets/style.css [33m404 [0m3.955 ms - 983[0m
[0mGET /bootstrap/js/bootstrap.min.js [33m404 [0m1.552 ms - 983[0m
[0mGET /icons/bootstrap-icons.min.css [36m304 [0m2.325 ms - -[0m
[0mPOST /add [33m404 [0m2.994 ms - 983[0m
[0mGET /bootstrap/js/bootstrap.min.js [33m404 [0m0.846 ms - 983[0m
[0mGET /app_api/blogs [33m404 [0m18.970 ms - 983[0m
[0mGET /list [36m304 [0m115.653 ms - -[0m
[0mGET /bootstrap/css/bootstrap.min.css [33m404 [0m0.952 ms - 983[0m
[0mGET /icons/bootstrap-icons.min.css [36m304 [0m4.446 ms - -[0m
[0mGET /stylesheets/style.css [33m404 [0m2.405 ms - 983[0m
[0mGET /bootstrap/js/bootstrap.min.js [33m404 [0m8.539 ms - 983[0m
[0mGET /add [36m304 [0m4.471 ms - -[0m
[0mGET /bootstrap/css/bootstrap.min.css [33m404 [0m1.098 ms - 983[0m
[0mGET /stylesheets/style.css [33m404 [0m1.513 ms - 983[0m
[0mGET /icons/bootstrap-icons.min.css [36m304 [0m0.655 ms - -[0m
[0mGET /bootstrap/js/bootstrap.min.js [33m404 [0m0.928 ms - 983[0m
[0mGET / [36m304 [0m3.561 ms - -[0m
[0mGET /stylesheets/style.css [33m404 [0m0.986 ms - 983[0m
[0mGET /app_api/blogs [33m404 [0m1.004 ms - 983[0m
[0mGET /list [36m304 [0m12.799 ms - -[0m
[0mGET /stylesheets/style.css [33m404 [0m5.453 ms - 983[0m
[0mGET /bootstrap/css/bootstrap.min.css [33m404 [0m1.698 ms - 983[0m
[0mGET /bootstrap/js/bootstrap.min.js [33m404 [0m0.704 ms - 983[0m
[0mGET /icons/bootstrap-icons.min.css [36m304 [0m1.563 ms - -[0m
[0mGET / [36m304 [0m0.905 ms - -[0m
[0mGET /stylesheets/style.css [33m404 [0m10.549 ms - 983[0m
[0mGET / [32m200 [0m6.651 ms - 665[0m
[0mGET /.env [33m404 [0m35.878 ms - 983[0m
[0mPOST / [33m404 [0m21.045 ms - 983[0m
[0mGET / [32m200 [0m3.377 ms - 665[0m
[0mGET /.env [33m404 [0m4.817 ms - 983[0m
[0mPOST / [33m404 [0m2.983 ms - 983[0m
[0mGET / [32m200 [0m1.966 ms - 665[0m
[0mGET /favicon.ico [33m404 [0m4.520 ms - 983[0m
[0mGET / [32m200 [0m0.915 ms - 665[0m
[0mGET /favicon.ico [33m404 [0m0.863 ms - 983[0m
[0mGET /sitemap.xml [33m404 [0m0.897 ms - 983[0m
[0mGET /robots.txt [33m404 [0m1.711 ms - 983[0m
[0mGET / [32m200 [0m1.151 ms - 665[0m
[0mGET / [32m200 [0m1.759 ms - 665[0m
[0mGET /.env [33m404 [0m1.721 ms - 983[0m
[0mPOST / [33m404 [0m1.520 ms - 983[0m
[0mGET / [32m200 [0m7.926 ms - 665[0m
[0mGET /.env [33m404 [0m1.731 ms - 983[0m
[0mPOST / [33m404 [0m0.910 ms - 983[0m
[0mGET /.env [33m404 [0m1.961 ms - 983[0m
[0mPOST / [33m404 [0m0.950 ms - 983[0m
[0mGET /.env [33m404 [0m0.800 ms - 983[0m
[0mPOST / [33m404 [0m0.931 ms - 983[0m
[0mGET /.env [33m404 [0m0.703 ms - 983[0m
[0mGET /.env [33m404 [0m0.702 ms - 983[0m
[0mPOST / [33m404 [0m1.001 ms - 983[0m
[0mGET / [32m200 [0m1.018 ms - 665[0m
[0mGET /systembc/password.php [33m404 [0m0.960 ms - 983[0m
[0mGET / [32m200 [0m0.826 ms - 665[0m
[0mGET /.env [33m404 [0m0.731 ms - 983[0m
[0mPOST / [33m404 [0m0.891 ms - 983[0m
[0mGET /.env [33m404 [0m0.703 ms - 983[0m
[0mPOST / [33m404 [0m0.858 ms - 983[0m
[0mGET / [32m200 [0m0.794 ms - 665[0m
[0mGET /.env [33m404 [0m0.821 ms - 983[0m
[0mPOST / [33m404 [0m0.932 ms - 983[0m
[0mGET / [32m200 [0m0.789 ms - 665[0m
[0mGET / [32m200 [0m1.047 ms - 665[0m
[0mGET /.env [33m404 [0m0.725 ms - 983[0m
[0mPOST / [33m404 [0m1.171 ms - 983[0m
[0mGET /.env [33m404 [0m0.858 ms - 983[0m
[0mPOST / [33m404 [0m1.961 ms - 983[0m
[0mGET /.env [33m404 [0m0.705 ms - 983[0m
[0mPOST / [33m404 [0m0.854 ms - 983[0m
[0mGET /.env [33m404 [0m0.773 ms - 983[0m
[0mPOST / [33m404 [0m1.096 ms - 983[0m
[0mGET /portal/redlion [33m404 [0m0.812 ms - 983[0m
[0mGET /actuator/health [33m404 [0m0.861 ms - 983[0m
[0mGET / [32m200 [0m0.814 ms - 665[0m
[0mGET /.env [33m404 [0m1.132 ms - 983[0m
[0mPOST / [33m404 [0m0.902 ms - 983[0m
[0mGET /stylesheets/style.css [33m404 [0m1.235 ms - 983[0m
[0mGET /app_api/blogs [33m404 [0m1.599 ms - 983[0m
[0mGET /list [36m304 [0m56.820 ms - -[0m
[0mGET /stylesheets/style.css [33m404 [0m1.059 ms - 983[0m
[0mGET /icons/bootstrap-icons.min.css [36m304 [0m5.357 ms - -[0m
[0mGET /bootstrap/css/bootstrap.min.css [33m404 [0m0.775 ms - 983[0m
[0mGET /bootstrap/js/bootstrap.min.js [33m404 [0m0.758 ms - 983[0m
[0mGET /add [36m304 [0m2.140 ms - -[0m
[0mGET /bootstrap/css/bootstrap.min.css [33m404 [0m0.816 ms - 983[0m
[0mGET /stylesheets/style.css [33m404 [0m4.705 ms - 983[0m
[0mGET /bootstrap/js/bootstrap.min.js [33m404 [0m5.593 ms - 983[0m
[0mGET /icons/bootstrap-icons.min.css [36m304 [0m10.578 ms - -[0m
[0mGET /app_api/blogs [33m404 [0m0.879 ms - 983[0m
[0mGET /list [36m304 [0m10.691 ms - -[0m
[0mGET /app_api/blogs [33m404 [0m0.848 ms - 983[0m
[0mGET /list [36m304 [0m9.813 ms - -[0m
[0mGET /stylesheets/style.css [33m404 [0m0.805 ms - 983[0m
[0mGET /bootstrap/css/bootstrap.min.css [33m404 [0m0.777 ms - 983[0m
[0mGET /icons/bootstrap-icons.min.css [36m304 [0m0.518 ms - -[0m
[0mGET /bootstrap/js/bootstrap.min.js [33m404 [0m0.923 ms - 983[0m
[0mGET /app_api/blogs/:undefined [33m404 [0m1.075 ms - 983[0m
[0mGET /edit [31m500 [0m12.164 ms - 2375[0m
[0mGET /app_api/blogs/:undefined [33m404 [0m140.853 ms - 983[0m
[0mGET /edit [31m500 [0m532.476 ms - 2391[0m
[0mGET /app_api/blogs [33m404 [0m10.201 ms - 983[0m
[0mGET /list [36m304 [0m73.740 ms - -[0m
[0mGET /bootstrap/css/bootstrap.min.css [33m404 [0m0.828 ms - 983[0m
[0mGET /stylesheets/style.css [33m404 [0m1.214 ms - 983[0m
[0mGET /icons/bootstrap-icons.min.css [36m304 [0m8.280 ms - -[0m
[0mGET /bootstrap/js/bootstrap.min.js [33m404 [0m2.632 ms - 983[0m
[0mGET /app_api/blogs/:undefined [33m404 [0m0.985 ms - 983[0m
[0mGET /edit [32m200 [0m15.558 ms - 1522[0m
[0mGET /bootstrap/css/bootstrap.min.css [33m404 [0m0.867 ms - 983[0m
[0mGET /stylesheets/style.css [33m404 [0m1.338 ms - 983[0m
[0mGET /bootstrap/js/bootstrap.min.js [33m404 [0m2.750 ms - 983[0m
[0mGET /icons/bootstrap-icons.min.css [36m304 [0m7.400 ms - -[0m
[0mGET /app_api/blogs/:undefined [33m404 [0m5.259 ms - 983[0m
[0mGET /delete [32m200 [0m11.463 ms - 1548[0m
[0mGET /bootstrap/css/bootstrap.min.css [33m404 [0m2.305 ms - 983[0m
[0mGET /bootstrap/js/bootstrap.min.js [33m404 [0m2.102 ms - 983[0m
[0mGET /stylesheets/style.css [33m404 [0m2.760 ms - 983[0m
[0mGET /icons/bootstrap-icons.min.css [36m304 [0m5.949 ms - -[0m
[0mGET /app_api/blogs/:undefined [33m404 [0m1.002 ms - 983[0m
[0mGET /edit [36m304 [0m4.490 ms - -[0m
[0mGET /bootstrap/css/bootstrap.min.css [33m404 [0m0.784 ms - 983[0m
[0mGET /stylesheets/style.css [33m404 [0m0.772 ms - 983[0m
[0mGET /icons/bootstrap-icons.min.css [36m304 [0m0.556 ms - -[0m
[0mGET /bootstrap/js/bootstrap.min.js [33m404 [0m1.063 ms - 983[0m
[0mGET /app_api/blogs/:undefined [33m404 [0m21.273 ms - 983[0m
[0mGET /edit [36m304 [0m98.400 ms - -[0m
[0mGET /stylesheets/style.css [33m404 [0m1.159 ms - 983[0m
[0mGET /bootstrap/css/bootstrap.min.css [33m404 [0m1.507 ms - 983[0m
[0mGET /bootstrap/js/bootstrap.min.js [33m404 [0m1.889 ms - 983[0m
[0mGET /icons/bootstrap-icons.min.css [36m304 [0m9.058 ms - -[0m
[0mGET /app_api/blogs/:undefined [33m404 [0m0.893 ms - 983[0m
[0mGET /delete [36m304 [0m14.505 ms - -[0m
[0mGET /bootstrap/css/bootstrap.min.css [33m404 [0m14.049 ms - 983[0m
[0mGET /stylesheets/style.css [33m404 [0m2.202 ms - 983[0m
[0mGET /icons/bootstrap-icons.min.css [36m304 [0m0.518 ms - -[0m
[0mGET /bootstrap/js/bootstrap.min.js [33m404 [0m0.964 ms - 983[0m
[0mGET /add [36m304 [0m3.224 ms - -[0m
[0mGET /bootstrap/css/bootstrap.min.css [33m404 [0m0.830 ms - 983[0m
[0mGET /stylesheets/style.css [33m404 [0m1.460 ms - 983[0m
[0mGET /icons/bootstrap-icons.min.css [36m304 [0m0.523 ms - -[0m
[0mGET /bootstrap/js/bootstrap.min.js [33m404 [0m1.036 ms - 983[0m
[0mGET /app_api/blogs [33m404 [0m1.225 ms - 983[0m
[0mGET /list [36m304 [0m37.508 ms - -[0m
[0mGET /bootstrap/css/bootstrap.min.css [33m404 [0m0.951 ms - 983[0m
[0mGET /stylesheets/style.css [33m404 [0m0.901 ms - 983[0m
[0mGET /bootstrap/js/bootstrap.min.js [33m404 [0m7.696 ms - 983[0m
[0mGET /icons/bootstrap-icons.min.css [36m304 [0m8.558 ms - -[0m
[0mGET /app_api/blogs [33m404 [0m1.050 ms - 983[0m
[0mGET /bootstrap/css/bootstrap.min.css [33m404 [0m1.065 ms - 983[0m
[0mGET /stylesheets/style.css [33m404 [0m5.287 ms - 983[0m
[0mGET /icons/bootstrap-icons.min.css [36m304 [0m5.506 ms - -[0m
[0mGET /list [32m200 [0m18.789 ms - 340166[0m
[0mGET /bootstrap/js/bootstrap.min.js [33m404 [0m0.909 ms - 983[0m
[0mGET /app_api/blogs [33m404 [0m0.905 ms - 983[0m
[0mGET /bootstrap/css/bootstrap.min.css [33m404 [0m1.474 ms - 983[0m
[0mGET /stylesheets/style.css [33m404 [0m2.331 ms - 983[0m
[0mGET /icons/bootstrap-icons.min.css [36m304 [0m0.928 ms - -[0m
[0mGET /list [32m200 [0m18.390 ms - 340177[0m
[0mGET /bootstrap/js/bootstrap.min.js [33m404 [0m0.930 ms - 983[0m
[0mGET /app_api/blogs [33m404 [0m4.500 ms - 983[0m
[0mGET /list [36m304 [0m16.736 ms - -[0m
[0mGET /bootstrap/css/bootstrap.min.css [33m404 [0m0.783 ms - 983[0m
[0mGET /stylesheets/style.css [33m404 [0m0.756 ms - 983[0m
[0mGET /bootstrap/js/bootstrap.min.js [33m404 [0m1.883 ms - 983[0m
[0mGET /icons/bootstrap-icons.min.css [36m304 [0m3.378 ms - -[0m
[0mGET /app_api/blogs [33m404 [0m0.932 ms - 983[0m
[0mGET /list [36m304 [0m8.714 ms - -[0m
[0mGET /bootstrap/js/bootstrap.min.js [33m404 [0m5.434 ms - 983[0m
[0mGET /bootstrap/css/bootstrap.min.css [33m404 [0m5.947 ms - 983[0m
[0mGET /stylesheets/style.css [33m404 [0m6.344 ms - 983[0m
[0mGET /icons/bootstrap-icons.min.css [36m304 [0m4.276 ms - -[0m

> csci421lab4-v2@0.0.0 start
> node ./bin/www

Mongoose connected to mongodb://blogger:blogger1@localhost/blogger
[0mGET /app_api/blogs [33m404 [0m33.738 ms - 983[0m
[0mGET /list [36m304 [0m84.014 ms - -[0m
[0mGET /bootstrap/css/bootstrap.min.css [33m404 [0m1.736 ms - 983[0m
[0mGET /stylesheets/style.css [33m404 [0m4.842 ms - 983[0m
[0mGET /icons/bootstrap-icons.min.css [36m304 [0m6.259 ms - -[0m
[0mGET /bootstrap/js/bootstrap.min.js [33m404 [0m6.069 ms - 983[0m
[0mGET / [36m304 [0m1.525 ms - -[0m
[0mGET /stylesheets/style.css [33m404 [0m1.036 ms - 983[0m
[0mGET /app_api/blogs [33m404 [0m4.212 ms - 983[0m
[0mGET /list [36m304 [0m27.849 ms - -[0m
[0mGET /bootstrap/css/bootstrap.min.css [33m404 [0m1.304 ms - 983[0m
[0mGET /stylesheets/style.css [33m404 [0m0.933 ms - 983[0m
[0mGET /icons/bootstrap-icons.min.css [36m304 [0m0.797 ms - -[0m
[0mGET /bootstrap/js/bootstrap.min.js [33m404 [0m1.135 ms - 983[0m
[0mGET /add [36m304 [0m1.920 ms - -[0m
[0mGET /bootstrap/css/bootstrap.min.css [33m404 [0m1.397 ms - 983[0m
[0mGET /stylesheets/style.css [33m404 [0m2.010 ms - 983[0m
[0mGET /icons/bootstrap-icons.min.css [36m304 [0m1.349 ms - -[0m
[0mGET /bootstrap/js/bootstrap.min.js [33m404 [0m1.377 ms - 983[0m
[0mPOST /add [33m404 [0m1.416 ms - 983[0m
[0mGET /app_api/blogs [33m404 [0m1.069 ms - 983[0m
[0mGET /list [36m304 [0m28.229 ms - -[0m
[0mGET /bootstrap/css/bootstrap.min.css [33m404 [0m0.968 ms - 983[0m
[0mGET /stylesheets/style.css [33m404 [0m0.827 ms - 983[0m
[0mGET /icons/bootstrap-icons.min.css [36m304 [0m0.578 ms - -[0m
[0mGET /bootstrap/js/bootstrap.min.js [33m404 [0m1.110 ms - 983[0m
[0mGET /add [36m304 [0m259.509 ms - -[0m
[0mGET /bootstrap/css/bootstrap.min.css [33m404 [0m22.262 ms - 983[0m
[0mGET /icons/bootstrap-icons.min.css [36m304 [0m17.726 ms - -[0m
[0mGET /stylesheets/style.css [33m404 [0m1.212 ms - 983[0m
[0mGET /bootstrap/js/bootstrap.min.js [33m404 [0m2.300 ms - 983[0m
[0mPOST /add [33m404 [0m16.295 ms - 983[0m
[0mGET /add [32m200 [0m104.263 ms - 1514[0m
[0mGET /bootstrap/css/bootstrap.min.css [33m404 [0m3.120 ms - 983[0m
[0mGET /stylesheets/style.css [33m404 [0m4.065 ms - 983[0m
[0mGET /bootstrap/js/bootstrap.min.js [33m404 [0m1.196 ms - 983[0m
[0mGET /icons/bootstrap-icons.min.css [36m304 [0m9.412 ms - -[0m
[0mGET /app_api/blogs [33m404 [0m2.531 ms - 983[0m
[0mGET /list [36m304 [0m115.777 ms - -[0m
[0mGET /bootstrap/css/bootstrap.min.css [33m404 [0m1.603 ms - 983[0m
[0mGET /stylesheets/style.css [33m404 [0m1.383 ms - 983[0m
[0mGET /bootstrap/js/bootstrap.min.js [33m404 [0m2.193 ms - 983[0m
[0mGET /icons/bootstrap-icons.min.css [36m304 [0m2.374 ms - -[0m
[0mGET /add [36m304 [0m1.124 ms - -[0m
[0mGET /stylesheets/style.css [33m404 [0m1.635 ms - 983[0m
[0mGET /bootstrap/css/bootstrap.min.css [33m404 [0m4.538 ms - 983[0m
[0mGET /bootstrap/js/bootstrap.min.js [33m404 [0m1.554 ms - 983[0m
[0mGET /icons/bootstrap-icons.min.css [36m304 [0m2.554 ms - -[0m
[0mGET /app_api/blogs [33m404 [0m1.337 ms - 983[0m
[0mGET /list [36m304 [0m31.537 ms - -[0m
[0mGET /bootstrap/css/bootstrap.min.css [33m404 [0m0.873 ms - 983[0m
[0mGET /bootstrap/js/bootstrap.min.js [33m404 [0m2.423 ms - 983[0m
[0mGET /stylesheets/style.css [33m404 [0m2.971 ms - 983[0m
[0mGET /icons/bootstrap-icons.min.css [36m304 [0m5.808 ms - -[0m
[0mGET /app_api/blogs/:undefined [33m404 [0m1.221 ms - 983[0m
[0mGET /edit [36m304 [0m19.985 ms - -[0m
[0mGET /bootstrap/css/bootstrap.min.css [33m404 [0m1.327 ms - 983[0m
[0mGET /stylesheets/style.css [33m404 [0m2.290 ms - 983[0m
[0mGET /bootstrap/js/bootstrap.min.js [33m404 [0m4.931 ms - 983[0m
[0mGET /icons/bootstrap-icons.min.css [36m304 [0m6.053 ms - -[0m
[0mGET /app_api/blogs/:undefined [33m404 [0m1.696 ms - 983[0m
[0mGET /edit [36m304 [0m7.672 ms - -[0m
[0mGET /bootstrap/css/bootstrap.min.css [33m404 [0m1.453 ms - 983[0m
[0mGET /stylesheets/style.css [33m404 [0m2.239 ms - 983[0m
[0mGET /bootstrap/js/bootstrap.min.js [33m404 [0m1.150 ms - 983[0m
[0mGET /icons/bootstrap-icons.min.css [36m304 [0m8.161 ms - -[0m
[0mPOST /edit [33m404 [0m2.602 ms - 983[0m
[0mGET /add [36m304 [0m2.801 ms - -[0m
[0mGET /bootstrap/css/bootstrap.min.css [33m404 [0m0.911 ms - 983[0m
[0mGET /stylesheets/style.css [33m404 [0m2.406 ms - 983[0m
[0mGET /bootstrap/js/bootstrap.min.js [33m404 [0m1.480 ms - 983[0m
[0mGET /icons/bootstrap-icons.min.css [36m304 [0m1.978 ms - -[0m
[0mGET / [36m304 [0m5.647 ms - -[0m
[0mGET /stylesheets/style.css [33m404 [0m1.194 ms - 983[0m
[0mGET /add [36m304 [0m0.873 ms - -[0m
[0mGET /bootstrap/css/bootstrap.min.css [33m404 [0m0.838 ms - 983[0m
[0mGET /stylesheets/style.css [33m404 [0m0.817 ms - 983[0m
[0mGET /icons/bootstrap-icons.min.css [36m304 [0m0.837 ms - -[0m
[0mGET /bootstrap/js/bootstrap.min.js [33m404 [0m0.824 ms - 983[0m
[0mPOST /add [33m404 [0m1.915 ms - 983[0m
[0mGET /.env [33m404 [0m1.059 ms - 983[0m
[0mPOST / [33m404 [0m5.225 ms - 983[0m
[0mGET /bootstrap/css/bootstrap.min.css [33m404 [0m61.107 ms - 983[0m
[0mGET /bootstrap/js/bootstrap.min.js [33m404 [0m11.260 ms - 983[0m
[0mGET /icons/bootstrap-icons.min.css [36m304 [0m74.497 ms - -[0m
[0mGET /stylesheets/style.css [33m404 [0m12.527 ms - 983[0m
[0mGET /app_api/blogs [33m404 [0m2.578 ms - 983[0m
[0mGET /list [36m304 [0m34.923 ms - -[0m
[0mGET /bootstrap/css/bootstrap.min.css [33m404 [0m1.283 ms - 983[0m
[0mGET /stylesheets/style.css [33m404 [0m3.521 ms - 983[0m
[0mGET /icons/bootstrap-icons.min.css [36m304 [0m0.757 ms - -[0m
[0mGET /bootstrap/js/bootstrap.min.js [33m404 [0m0.947 ms - 983[0m
[0mGET /add [36m304 [0m1.467 ms - -[0m
[0mGET /bootstrap/css/bootstrap.min.css [33m404 [0m0.857 ms - 983[0m
[0mGET /stylesheets/style.css [33m404 [0m1.590 ms - 983[0m
[0mGET /bootstrap/js/bootstrap.min.js [33m404 [0m2.183 ms - 983[0m
[0mGET /icons/bootstrap-icons.min.css [36m304 [0m3.398 ms - -[0m
[0mGET /app_api/blogs [33m404 [0m1.664 ms - 983[0m
[0mGET /list [36m304 [0m21.803 ms - -[0m
[0mGET /stylesheets/style.css [33m404 [0m1.403 ms - 983[0m
[0mGET /bootstrap/css/bootstrap.min.css [33m404 [0m1.977 ms - 983[0m
[0mGET /icons/bootstrap-icons.min.css [36m304 [0m0.479 ms - -[0m
[0mGET /bootstrap/js/bootstrap.min.js [33m404 [0m0.824 ms - 983[0m
[0mGET / [32m200 [0m51.573 ms - 665[0m
[0mGET / [32m200 [0m1.567 ms - 665[0m
[0mGET /druid/index.html [33m404 [0m5.197 ms - 983[0m
[0mGET /.DS_Store [33m404 [0m3.005 ms - 983[0m
[0mGET / [32m200 [0m2.490 ms - 665[0m
[0mGET / [32m200 [0m4.001 ms - 665[0m
[0mGET / [32m200 [0m1.514 ms - 665[0m
[0mGET /hudson [33m404 [0m1.081 ms - 983[0m
[0mGET / [32m200 [0m2.102 ms - 665[0m
[0mGET /.env [33m404 [0m1.435 ms - 983[0m
[0mPOST / [33m404 [0m13.521 ms - 983[0m
[0mGET / [32m200 [0m1.666 ms - 665[0m
[0mGET /Public/home/js/check.js [33m404 [0m1.486 ms - 983[0m
[0mGET /static/admin/javascript/hetong.js [33m404 [0m1.483 ms - 983[0m
[0mGET / [32m200 [0m0.892 ms - 665[0m
[0mGET / [32m200 [0m1.023 ms - 665[0m
[0mGET /icons/bootstrap-icons.min.css [36m304 [0m7.520 ms - -[0m
[0mGET /stylesheets/style.css [33m404 [0m1.963 ms - 983[0m
[0mGET /bootstrap/js/bootstrap.min.js [33m404 [0m2.790 ms - 983[0m
[0mGET /bootstrap/css/bootstrap.min.css [33m404 [0m3.662 ms - 983[0m
[0mGET /app_api/blogs [33m404 [0m31.929 ms - 983[0m
[0mGET /list [36m304 [0m172.232 ms - -[0m
[0mGET /bootstrap/css/bootstrap.min.css [33m404 [0m1.210 ms - 983[0m
[0mGET /stylesheets/style.css [33m404 [0m0.785 ms - 983[0m
[0mGET /icons/bootstrap-icons.min.css [36m304 [0m7.824 ms - -[0m
[0mGET /bootstrap/js/bootstrap.min.js [33m404 [0m1.259 ms - 983[0m
[0mGET /add [36m304 [0m15.156 ms - -[0m
[0mGET /bootstrap/css/bootstrap.min.css [33m404 [0m1.637 ms - 983[0m
[0mGET /bootstrap/js/bootstrap.min.js [33m404 [0m3.691 ms - 983[0m
[0mGET /stylesheets/style.css [33m404 [0m3.776 ms - 983[0m
[0mGET /icons/bootstrap-icons.min.css [36m304 [0m12.840 ms - -[0m
[0mPOST /add [33m404 [0m4.024 ms - 983[0m
[0mPOST /add [33m404 [0m56.766 ms - 983[0m
[0mPOST /add [33m404 [0m7.854 ms - 983[0m
[0mPOST /add [33m404 [0m170.243 ms - 983[0m

> csci421lab4-v2@0.0.0 start
> node ./bin/www

Mongoose connected to mongodb://blogger:blogger1@localhost/blogger
[0mGET / [36m304 [0m25.877 ms - -[0m
[0mGET /stylesheets/style.css [33m404 [0m2.649 ms - 983[0m
[0mGET /api/blogs [33m404 [0m33.079 ms - 983[0m
[0mGET /list [36m304 [0m54.931 ms - -[0m
[0mGET /stylesheets/style.css [33m404 [0m1.255 ms - 983[0m
[0mGET /bootstrap/css/bootstrap.min.css [33m404 [0m1.289 ms - 983[0m
[0mGET /bootstrap/js/bootstrap.min.js [33m404 [0m1.054 ms - 983[0m
[0mGET /icons/bootstrap-icons.min.css [36m304 [0m6.267 ms - -[0m
[0mGET /add [32m200 [0m2.944 ms - 1518[0m
[0mGET /bootstrap/css/bootstrap.min.css [33m404 [0m3.753 ms - 983[0m
[0mGET /bootstrap/js/bootstrap.min.js [33m404 [0m8.555 ms - 983[0m
[0mGET /stylesheets/style.css [33m404 [0m9.178 ms - 983[0m
[0mGET /icons/bootstrap-icons.min.css [36m304 [0m11.621 ms - -[0m
[0mPOST /addPost [33m404 [0m1.751 ms - 983[0m
[0mGET /api/blogs [33m404 [0m1.469 ms - 983[0m
[0mGET /list [36m304 [0m12.082 ms - -[0m
[0mGET /bootstrap/css/bootstrap.min.css [33m404 [0m1.065 ms - 983[0m
[0mGET /stylesheets/style.css [33m404 [0m0.935 ms - 983[0m
[0mGET /bootstrap/js/bootstrap.min.js [33m404 [0m1.344 ms - 983[0m
[0mGET /icons/bootstrap-icons.min.css [36m304 [0m1.972 ms - -[0m
[0mGET /api/blogs [33m404 [0m78.899 ms - 983[0m
[0mGET /list [36m304 [0m265.752 ms - -[0m
[0mGET /bootstrap/css/bootstrap.min.css [33m404 [0m52.982 ms - 983[0m
[0mGET /stylesheets/style.css [33m404 [0m5.034 ms - 983[0m
[0mGET /bootstrap/js/bootstrap.min.js [33m404 [0m2.207 ms - 983[0m
[0mGET /icons/bootstrap-icons.min.css [36m304 [0m6.454 ms - -[0m
[0mGET /add [36m304 [0m12.515 ms - -[0m
[0mGET /bootstrap/css/bootstrap.min.css [33m404 [0m2.968 ms - 983[0m
[0mGET /stylesheets/style.css [33m404 [0m1.678 ms - 983[0m
[0mGET /bootstrap/js/bootstrap.min.js [33m404 [0m2.406 ms - 983[0m
[0mGET /icons/bootstrap-icons.min.css [36m304 [0m3.940 ms - -[0m
[0mPOST /addPost [33m404 [0m6.824 ms - 983[0m
[0mPOST /addPost [33m404 [0m58.170 ms - 983[0m
[0mGET /add [32m200 [0m35.641 ms - 1515[0m
[0mGET /bootstrap/css/bootstrap.min.css [33m404 [0m0.870 ms - 983[0m
[0mGET /stylesheets/style.css [33m404 [0m1.333 ms - 983[0m
[0mGET /icons/bootstrap-icons.min.css [36m304 [0m6.981 ms - -[0m
[0mGET /bootstrap/js/bootstrap.min.js [33m404 [0m0.772 ms - 983[0m
[0mGET /add [36m304 [0m3.144 ms - -[0m
[0mGET /stylesheets/style.css [33m404 [0m2.636 ms - 983[0m
[0mGET /bootstrap/js/bootstrap.min.js [33m404 [0m8.419 ms - 983[0m
[0mGET /bootstrap/css/bootstrap.min.css [33m404 [0m11.450 ms - 983[0m
[0mGET /icons/bootstrap-icons.min.css [36m304 [0m13.699 ms - -[0m
[0mPOST /list [33m404 [0m2.174 ms - 983[0m
[0mGET /.env [33m404 [0m27.349 ms - 983[0m
[0mPOST / [33m404 [0m14.075 ms - 983[0m

> csci421lab4-v2@0.0.0 start
> node ./bin/www

Mongoose connected to mongodb://blogger:blogger1@localhost/blogger
[0mGET / [36m304 [0m132.011 ms - -[0m
[0mGET /stylesheets/style.css [33m404 [0m6.283 ms - 983[0m
[0mGET /api/blogs [33m404 [0m71.775 ms - 983[0m
[0mGET /list [36m304 [0m202.756 ms - -[0m
[0mGET /bootstrap/css/bootstrap.min.css [33m404 [0m2.375 ms - 983[0m
[0mGET /stylesheets/style.css [33m404 [0m1.609 ms - 983[0m
[0mGET /bootstrap/js/bootstrap.min.js [33m404 [0m2.442 ms - 983[0m
[0mGET /icons/bootstrap-icons.min.css [36m304 [0m7.166 ms - -[0m
[0mGET /api/blogs/:undefined [33m404 [0m3.506 ms - 983[0m
[0mGET /delete [36m304 [0m15.315 ms - -[0m
[0mGET /bootstrap/css/bootstrap.min.css [33m404 [0m1.897 ms - 983[0m
[0mGET /stylesheets/style.css [33m404 [0m1.065 ms - 983[0m
[0mGET /icons/bootstrap-icons.min.css [36m304 [0m0.686 ms - -[0m
[0mGET /bootstrap/js/bootstrap.min.js [33m404 [0m1.013 ms - 983[0m
[0mGET /api/blogs/:undefined [33m404 [0m1.202 ms - 983[0m
[0mGET /delete?blogTitle=&blogText= [32m200 [0m5.104 ms - 1548[0m
[0mGET /stylesheets/style.css [33m404 [0m1.656 ms - 983[0m
[0mGET /bootstrap/css/bootstrap.min.css [33m404 [0m2.849 ms - 983[0m
[0mGET /bootstrap/js/bootstrap.min.js [33m404 [0m1.337 ms - 983[0m
[0mGET /icons/bootstrap-icons.min.css [36m304 [0m1.690 ms - -[0m
[0mGET /api/blogs/:undefined [33m404 [0m1.147 ms - 983[0m
[0mGET /edit [36m304 [0m7.020 ms - -[0m
[0mGET /bootstrap/css/bootstrap.min.css [33m404 [0m0.950 ms - 983[0m
[0mGET /stylesheets/style.css [33m404 [0m0.856 ms - 983[0m
[0mGET /icons/bootstrap-icons.min.css [36m304 [0m0.689 ms - -[0m
[0mGET /bootstrap/js/bootstrap.min.js [33m404 [0m0.856 ms - 983[0m
[0mPOST /edit [33m404 [0m2.132 ms - 983[0m
[0mGET /add [36m304 [0m2.892 ms - -[0m
[0mGET /bootstrap/css/bootstrap.min.css [33m404 [0m0.861 ms - 983[0m
[0mGET /stylesheets/style.css [33m404 [0m0.874 ms - 983[0m
[0mGET /icons/bootstrap-icons.min.css [36m304 [0m0.619 ms - -[0m
[0mGET /bootstrap/js/bootstrap.min.js [33m404 [0m0.893 ms - 983[0m
[0mGET /add [36m304 [0m1.340 ms - -[0m
[0mGET /bootstrap/css/bootstrap.min.css [33m404 [0m2.583 ms - 983[0m
[0mGET /stylesheets/style.css [33m404 [0m0.736 ms - 983[0m
[0mGET /bootstrap/js/bootstrap.min.js [33m404 [0m0.947 ms - 983[0m
[0mGET /icons/bootstrap-icons.min.css [36m304 [0m1.960 ms - -[0m
[0mGET /add [32m200 [0m67.224 ms - 1541[0m
[0mGET /bootstrap/css/bootstrap.min.css [33m404 [0m3.550 ms - 983[0m
[0mGET /stylesheets/style.css [33m404 [0m1.540 ms - 983[0m
[0mGET /bootstrap/js/bootstrap.min.js [33m404 [0m0.887 ms - 983[0m
[0mGET /icons/bootstrap-icons.min.css [36m304 [0m11.116 ms - -[0m
[0mGET /api/blogs [33m404 [0m1.290 ms - 983[0m
[0mGET /list [36m304 [0m27.975 ms - -[0m
[0mGET /bootstrap/css/bootstrap.min.css [33m404 [0m1.232 ms - 983[0m
[0mGET /stylesheets/style.css [33m404 [0m1.585 ms - 983[0m
[0mGET /icons/bootstrap-icons.min.css [36m304 [0m0.701 ms - -[0m
[0mGET /bootstrap/js/bootstrap.min.js [33m404 [0m1.046 ms - 983[0m
[0mGET /api/blogs/:undefined [33m404 [0m1.562 ms - 983[0m
[0mGET /edit [32m200 [0m4.723 ms - 1549[0m
[0mGET /bootstrap/css/bootstrap.min.css [33m404 [0m0.842 ms - 983[0m
[0mGET /bootstrap/js/bootstrap.min.js [33m404 [0m1.515 ms - 983[0m
[0mGET /stylesheets/style.css [33m404 [0m2.361 ms - 983[0m
[0mGET /icons/bootstrap-icons.min.css [36m304 [0m3.102 ms - -[0m
[0mGET /api/blogs/:undefined [33m404 [0m4.931 ms - 983[0m
[0mGET /delete [32m200 [0m13.451 ms - 1577[0m
[0mGET /bootstrap/css/bootstrap.min.css [33m404 [0m0.831 ms - 983[0m
[0mGET /stylesheets/style.css [33m404 [0m0.758 ms - 983[0m
[0mGET /icons/bootstrap-icons.min.css [36m304 [0m0.560 ms - -[0m
[0mGET /bootstrap/js/bootstrap.min.js [33m404 [0m0.738 ms - 983[0m
[0mGET /api/blogs [33m404 [0m1.787 ms - 983[0m
[0mGET /list [36m304 [0m18.154 ms - -[0m
[0mGET /bootstrap/css/bootstrap.min.css [33m404 [0m0.826 ms - 983[0m
[0mGET /stylesheets/style.css [33m404 [0m0.721 ms - 983[0m
[0mGET /bootstrap/js/bootstrap.min.js [33m404 [0m0.896 ms - 983[0m
[0mGET /icons/bootstrap-icons.min.css [36m304 [0m2.127 ms - -[0m
[0mGET /.env [33m404 [0m1.419 ms - 983[0m
[0mPOST / [33m404 [0m2.461 ms - 983[0m
[0mGET / [36m304 [0m6.256 ms - -[0m
[0mGET /stylesheets/style.css [33m404 [0m1.497 ms - 983[0m
[0mGET /api/blogs [33m404 [0m1.437 ms - 983[0m
[0mGET /list [36m304 [0m22.059 ms - -[0m
[0mGET /stylesheets/style.css [33m404 [0m0.825 ms - 983[0m
[0mGET /icons/bootstrap-icons.min.css [36m304 [0m3.394 ms - -[0m
[0mGET /bootstrap/css/bootstrap.min.css [33m404 [0m0.798 ms - 983[0m
[0mGET /bootstrap/js/bootstrap.min.js [33m404 [0m1.741 ms - 983[0m
[0mGET /api/blogs [33m404 [0m2.440 ms - 983[0m
[0mGET /list [36m304 [0m19.224 ms - -[0m
[0mGET /bootstrap/css/bootstrap.min.css [33m404 [0m0.814 ms - 983[0m
[0mGET /bootstrap/js/bootstrap.min.js [33m404 [0m2.840 ms - 983[0m
[0mGET /stylesheets/style.css [33m404 [0m3.188 ms - 983[0m
[0mGET /icons/bootstrap-icons.min.css [36m304 [0m3.958 ms - -[0m
[0mGET /api/blogs/:undefined [33m404 [0m1.071 ms - 983[0m
[0mGET /edit [36m304 [0m7.489 ms - -[0m
[0mGET /bootstrap/css/bootstrap.min.css [33m404 [0m1.126 ms - 983[0m
[0mGET /stylesheets/style.css [33m404 [0m1.064 ms - 983[0m
[0mGET /icons/bootstrap-icons.min.css [36m304 [0m0.524 ms - -[0m
[0mGET /bootstrap/js/bootstrap.min.js [33m404 [0m0.837 ms - 983[0m
[0mGET / [36m304 [0m1.170 ms - -[0m
[0mGET /stylesheets/style.css [33m404 [0m1.007 ms - 983[0m
[0mGET / [32m200 [0m107.400 ms - 665[0m

> csci421lab4-v2@0.0.0 start
> node ./bin/www

Port 80 is already in use
[0mGET / [36m304 [0m5.860 ms - -[0m
[0mGET /stylesheets/style.css [33m404 [0m13.098 ms - 983[0m
[0mGET /api/blogs [33m404 [0m12.839 ms - 983[0m
[0mGET /list [36m304 [0m104.438 ms - -[0m
[0mGET /bootstrap/css/bootstrap.min.css [33m404 [0m10.857 ms - 983[0m
[0mGET /stylesheets/style.css [33m404 [0m0.893 ms - 983[0m
[0mGET /icons/bootstrap-icons.min.css [36m304 [0m6.302 ms - -[0m
[0mGET /bootstrap/js/bootstrap.min.js [33m404 [0m1.520 ms - 983[0m
[0mGET /api/blogs [33m404 [0m31.361 ms - 983[0m
[0mGET /list [36m304 [0m147.082 ms - -[0m
[0mGET /bootstrap/css/bootstrap.min.css [33m404 [0m1.420 ms - 983[0m
[0mGET /stylesheets/style.css [33m404 [0m0.791 ms - 983[0m
[0mGET /icons/bootstrap-icons.min.css [36m304 [0m5.568 ms - -[0m
[0mGET /bootstrap/js/bootstrap.min.js [33m404 [0m0.778 ms - 983[0m
[0mGET /api/blogs [33m404 [0m48.689 ms - 983[0m
[0mGET /list [36m304 [0m165.864 ms - -[0m
[0mGET /bootstrap/css/bootstrap.min.css [33m404 [0m19.134 ms - 983[0m
[0mGET /stylesheets/style.css [33m404 [0m3.690 ms - 983[0m
[0mGET /icons/bootstrap-icons.min.css [36m304 [0m5.455 ms - -[0m
[0mGET /bootstrap/js/bootstrap.min.js [33m404 [0m3.379 ms - 983[0m

> csci421lab4-v2@0.0.0 start
> node ./bin/www

Port 80 is already in use
[0mGET /api/blogs [33m404 [0m17.841 ms - 983[0m
[0mGET /list [36m304 [0m62.739 ms - -[0m
[0mGET /bootstrap/css/bootstrap.min.css [33m404 [0m1.307 ms - 983[0m
[0mGET /bootstrap/js/bootstrap.min.js [33m404 [0m0.854 ms - 983[0m
[0mGET /icons/bootstrap-icons.min.css [36m304 [0m5.078 ms - -[0m
[0mGET /stylesheets/style.css [33m404 [0m0.820 ms - 983[0m
[0mGET / [36m304 [0m2.926 ms - -[0m
[0mGET /stylesheets/style.css [33m404 [0m0.950 ms - 983[0m
[0mGET / [36m304 [0m0.825 ms - -[0m
[0mGET /stylesheets/style.css [33m404 [0m3.515 ms - 983[0m
